RessourcesAnneesPassees/ControleurDeRonde2020/CodeSource_2020/build-testnfc-Android_for_armeabi_v7a_arm64_v8a_x86_x86_64_Clang_Qt_5_15_0_for_Android-Debug/android-build/build/intermediates/manifest_merge_blame_file/debug/manifest-merger-blame-debug-report.txt
1<?xml version="1.0" encoding="utf-8"?>
2<manifest xmlns:android="http://schemas.android.com/apk/res/android"
3    package="org.qtproject.example"
4    android:installLocation="auto"
5    android:versionCode="1"
6    android:versionName="1.0" >
7
8    <uses-sdk
9        android:minSdkVersion="21"
9-->build-testnfc-Android_for_armeabi_v7a_arm64_v8a_x86_x86_64_Clang_Qt_5_15_0_for_Android-Debug/android-build/AndroidManifest.xml
10        android:targetSdkVersion="28" />
10-->build-testnfc-Android_for_armeabi_v7a_arm64_v8a_x86_x86_64_Clang_Qt_5_15_0_for_Android-Debug/android-build/AndroidManifest.xml
11    <!--
12         The following comment will be replaced upon deployment with default permissions based on the dependencies of the application.
13         Remove the comment if you do not require these default permissions.
14    -->
15    <uses-permission android:name="android.permission.INTERNET" />
15-->build-testnfc-Android_for_armeabi_v7a_arm64_v8a_x86_x86_64_Clang_Qt_5_15_0_for_Android-Debug/android-build/AndroidManifest.xml:5:5-67
15-->build-testnfc-Android_for_armeabi_v7a_arm64_v8a_x86_x86_64_Clang_Qt_5_15_0_for_Android-Debug/android-build/AndroidManifest.xml:5:22-64
16    <uses-permission android:name="android.permission.WRITE_EXTERNAL_STORAGE" />
16-->build-testnfc-Android_for_armeabi_v7a_arm64_v8a_x86_x86_64_Clang_Qt_5_15_0_for_Android-Debug/android-build/AndroidManifest.xml:6:5-81
16-->build-testnfc-Android_for_armeabi_v7a_arm64_v8a_x86_x86_64_Clang_Qt_5_15_0_for_Android-Debug/android-build/AndroidManifest.xml:6:22-78
17    <uses-permission android:name="android.permission.NFC" />
17-->build-testnfc-Android_for_armeabi_v7a_arm64_v8a_x86_x86_64_Clang_Qt_5_15_0_for_Android-Debug/android-build/AndroidManifest.xml:7:5-62
17-->build-testnfc-Android_for_armeabi_v7a_arm64_v8a_x86_x86_64_Clang_Qt_5_15_0_for_Android-Debug/android-build/AndroidManifest.xml:7:22-59
18
19    <!--
20         The following comment will be replaced upon deployment with default features based on the dependencies of the application.
21         Remove the comment if you do not require these default features.
22    -->
23
24    <supports-screens
24-->build-testnfc-Android_for_armeabi_v7a_arm64_v8a_x86_x86_64_Clang_Qt_5_15_0_for_Android-Debug/android-build/AndroidManifest.xml:13:5-135
25        android:anyDensity="true"
25-->build-testnfc-Android_for_armeabi_v7a_arm64_v8a_x86_x86_64_Clang_Qt_5_15_0_for_Android-Debug/android-build/AndroidManifest.xml:13:80-105
26        android:largeScreens="true"
26-->build-testnfc-Android_for_armeabi_v7a_arm64_v8a_x86_x86_64_Clang_Qt_5_15_0_for_Android-Debug/android-build/AndroidManifest.xml:13:23-50
27        android:normalScreens="true"
27-->build-testnfc-Android_for_armeabi_v7a_arm64_v8a_x86_x86_64_Clang_Qt_5_15_0_for_Android-Debug/android-build/AndroidManifest.xml:13:51-79
28        android:smallScreens="true" />
28-->build-testnfc-Android_for_armeabi_v7a_arm64_v8a_x86_x86_64_Clang_Qt_5_15_0_for_Android-Debug/android-build/AndroidManifest.xml:13:106-133
29
30    <uses-feature
30-->build-testnfc-Android_for_armeabi_v7a_arm64_v8a_x86_x86_64_Clang_Qt_5_15_0_for_Android-Debug/android-build/AndroidManifest.xml:85:5-80
31        android:name="android.hardware.nfc"
31-->build-testnfc-Android_for_armeabi_v7a_arm64_v8a_x86_x86_64_Clang_Qt_5_15_0_for_Android-Debug/android-build/AndroidManifest.xml:85:19-54
32        android:required="true" />
32-->build-testnfc-Android_for_armeabi_v7a_arm64_v8a_x86_x86_64_Clang_Qt_5_15_0_for_Android-Debug/android-build/AndroidManifest.xml:85:55-78
33
34    <application
34-->build-testnfc-Android_for_armeabi_v7a_arm64_v8a_x86_x86_64_Clang_Qt_5_15_0_for_Android-Debug/android-build/AndroidManifest.xml:15:5-84:19
35        android:name="org.qtproject.qt5.android.bindings.QtApplication"
35-->build-testnfc-Android_for_armeabi_v7a_arm64_v8a_x86_x86_64_Clang_Qt_5_15_0_for_Android-Debug/android-build/AndroidManifest.xml:15:53-116
36        android:debuggable="true"
37        android:extractNativeLibs="true"
37-->build-testnfc-Android_for_armeabi_v7a_arm64_v8a_x86_x86_64_Clang_Qt_5_15_0_for_Android-Debug/android-build/AndroidManifest.xml:15:141-173
38        android:hardwareAccelerated="true"
38-->build-testnfc-Android_for_armeabi_v7a_arm64_v8a_x86_x86_64_Clang_Qt_5_15_0_for_Android-Debug/android-build/AndroidManifest.xml:15:18-52
39        android:icon="@drawable/icon"
39-->build-testnfc-Android_for_armeabi_v7a_arm64_v8a_x86_x86_64_Clang_Qt_5_15_0_for_Android-Debug/android-build/AndroidManifest.xml:15:174-203
40        android:label="testnfc" >
40-->build-testnfc-Android_for_armeabi_v7a_arm64_v8a_x86_x86_64_Clang_Qt_5_15_0_for_Android-Debug/android-build/AndroidManifest.xml:15:117-140
41        <activity
41-->build-testnfc-Android_for_armeabi_v7a_arm64_v8a_x86_x86_64_Clang_Qt_5_15_0_for_Android-Debug/android-build/AndroidManifest.xml:16:9-80:16
42            android:name="org.qtproject.qt5.android.bindings.QtActivity"
42-->build-testnfc-Android_for_armeabi_v7a_arm64_v8a_x86_x86_64_Clang_Qt_5_15_0_for_Android-Debug/android-build/AndroidManifest.xml:16:189-249
43            android:configChanges="orientation|uiMode|screenLayout|screenSize|smallestScreenSize|layoutDirection|locale|fontScale|keyboard|keyboardHidden|navigation|mcc|mnc|density"
43-->build-testnfc-Android_for_armeabi_v7a_arm64_v8a_x86_x86_64_Clang_Qt_5_15_0_for_Android-Debug/android-build/AndroidManifest.xml:16:19-188
44            android:label="testnfc"
44-->build-testnfc-Android_for_armeabi_v7a_arm64_v8a_x86_x86_64_Clang_Qt_5_15_0_for_Android-Debug/android-build/AndroidManifest.xml:16:250-273
45            android:launchMode="singleTop"
45-->build-testnfc-Android_for_armeabi_v7a_arm64_v8a_x86_x86_64_Clang_Qt_5_15_0_for_Android-Debug/android-build/AndroidManifest.xml:16:314-344
46            android:screenOrientation="unspecified" >
46-->build-testnfc-Android_for_armeabi_v7a_arm64_v8a_x86_x86_64_Clang_Qt_5_15_0_for_Android-Debug/android-build/AndroidManifest.xml:16:274-313
47            <intent-filter>
47-->build-testnfc-Android_for_armeabi_v7a_arm64_v8a_x86_x86_64_Clang_Qt_5_15_0_for_Android-Debug/android-build/AndroidManifest.xml:17:13-20:29
48                <action android:name="android.intent.action.MAIN" />
48-->build-testnfc-Android_for_armeabi_v7a_arm64_v8a_x86_x86_64_Clang_Qt_5_15_0_for_Android-Debug/android-build/AndroidManifest.xml:18:17-68
48-->build-testnfc-Android_for_armeabi_v7a_arm64_v8a_x86_x86_64_Clang_Qt_5_15_0_for_Android-Debug/android-build/AndroidManifest.xml:18:25-66
49
50                <category android:name="android.intent.category.LAUNCHER" />
50-->build-testnfc-Android_for_armeabi_v7a_arm64_v8a_x86_x86_64_Clang_Qt_5_15_0_for_Android-Debug/android-build/AndroidManifest.xml:19:17-76
50-->build-testnfc-Android_for_armeabi_v7a_arm64_v8a_x86_x86_64_Clang_Qt_5_15_0_for_Android-Debug/android-build/AndroidManifest.xml:19:27-74
51            </intent-filter>
52            <!-- Application arguments -->
53            <!-- meta-data android:name="android.app.arguments" android:value="arg1 arg2 arg3"/ -->
54            <!-- Application arguments -->
55
56            <meta-data
56-->build-testnfc-Android_for_armeabi_v7a_arm64_v8a_x86_x86_64_Clang_Qt_5_15_0_for_Android-Debug/android-build/AndroidManifest.xml:25:13-85
57                android:name="android.app.lib_name"
57-->build-testnfc-Android_for_armeabi_v7a_arm64_v8a_x86_x86_64_Clang_Qt_5_15_0_for_Android-Debug/android-build/AndroidManifest.xml:25:24-59
58                android:value="testnfc" />
58-->build-testnfc-Android_for_armeabi_v7a_arm64_v8a_x86_x86_64_Clang_Qt_5_15_0_for_Android-Debug/android-build/AndroidManifest.xml:25:60-83
59            <meta-data
59-->build-testnfc-Android_for_armeabi_v7a_arm64_v8a_x86_x86_64_Clang_Qt_5_15_0_for_Android-Debug/android-build/AndroidManifest.xml:26:13-112
60                android:name="android.app.qt_sources_resource_id"
60-->build-testnfc-Android_for_armeabi_v7a_arm64_v8a_x86_x86_64_Clang_Qt_5_15_0_for_Android-Debug/android-build/AndroidManifest.xml:26:24-73
61                android:resource="@array/qt_sources" />
61-->build-testnfc-Android_for_armeabi_v7a_arm64_v8a_x86_x86_64_Clang_Qt_5_15_0_for_Android-Debug/android-build/AndroidManifest.xml:26:74-110
62            <meta-data
62-->build-testnfc-Android_for_armeabi_v7a_arm64_v8a_x86_x86_64_Clang_Qt_5_15_0_for_Android-Debug/android-build/AndroidManifest.xml:27:13-87
63                android:name="android.app.repository"
63-->build-testnfc-Android_for_armeabi_v7a_arm64_v8a_x86_x86_64_Clang_Qt_5_15_0_for_Android-Debug/android-build/AndroidManifest.xml:27:24-61
64                android:value="default" />
64-->build-testnfc-Android_for_armeabi_v7a_arm64_v8a_x86_x86_64_Clang_Qt_5_15_0_for_Android-Debug/android-build/AndroidManifest.xml:27:62-85
65            <meta-data
65-->build-testnfc-Android_for_armeabi_v7a_arm64_v8a_x86_x86_64_Clang_Qt_5_15_0_for_Android-Debug/android-build/AndroidManifest.xml:28:13-106
66                android:name="android.app.qt_libs_resource_id"
66-->build-testnfc-Android_for_armeabi_v7a_arm64_v8a_x86_x86_64_Clang_Qt_5_15_0_for_Android-Debug/android-build/AndroidManifest.xml:28:24-70
67                android:resource="@array/qt_libs" />
67-->build-testnfc-Android_for_armeabi_v7a_arm64_v8a_x86_x86_64_Clang_Qt_5_15_0_for_Android-Debug/android-build/AndroidManifest.xml:28:71-104
68            <meta-data
68-->build-testnfc-Android_for_armeabi_v7a_arm64_v8a_x86_x86_64_Clang_Qt_5_15_0_for_Android-Debug/android-build/AndroidManifest.xml:29:13-116
69                android:name="android.app.bundled_libs_resource_id"
69-->build-testnfc-Android_for_armeabi_v7a_arm64_v8a_x86_x86_64_Clang_Qt_5_15_0_for_Android-Debug/android-build/AndroidManifest.xml:29:24-75
70                android:resource="@array/bundled_libs" />
70-->build-testnfc-Android_for_armeabi_v7a_arm64_v8a_x86_x86_64_Clang_Qt_5_15_0_for_Android-Debug/android-build/AndroidManifest.xml:29:76-114
71            <!-- Deploy Qt libs as part of package -->
72            <meta-data
72-->build-testnfc-Android_for_armeabi_v7a_arm64_v8a_x86_x86_64_Clang_Qt_5_15_0_for_Android-Debug/android-build/AndroidManifest.xml:31:13-91
73                android:name="android.app.bundle_local_qt_libs"
73-->build-testnfc-Android_for_armeabi_v7a_arm64_v8a_x86_x86_64_Clang_Qt_5_15_0_for_Android-Debug/android-build/AndroidManifest.xml:31:24-71
74                android:value="1" />
74-->build-testnfc-Android_for_armeabi_v7a_arm64_v8a_x86_x86_64_Clang_Qt_5_15_0_for_Android-Debug/android-build/AndroidManifest.xml:31:72-89
75
76            <!-- Run with local libs -->
77            <meta-data
77-->build-testnfc-Android_for_armeabi_v7a_arm64_v8a_x86_x86_64_Clang_Qt_5_15_0_for_Android-Debug/android-build/AndroidManifest.xml:34:13-88
78                android:name="android.app.use_local_qt_libs"
78-->build-testnfc-Android_for_armeabi_v7a_arm64_v8a_x86_x86_64_Clang_Qt_5_15_0_for_Android-Debug/android-build/AndroidManifest.xml:34:24-68
79                android:value="1" />
79-->build-testnfc-Android_for_armeabi_v7a_arm64_v8a_x86_x86_64_Clang_Qt_5_15_0_for_Android-Debug/android-build/AndroidManifest.xml:34:69-86
80            <meta-data
80-->build-testnfc-Android_for_armeabi_v7a_arm64_v8a_x86_x86_64_Clang_Qt_5_15_0_for_Android-Debug/android-build/AndroidManifest.xml:35:13-100
81                android:name="android.app.libs_prefix"
81-->build-testnfc-Android_for_armeabi_v7a_arm64_v8a_x86_x86_64_Clang_Qt_5_15_0_for_Android-Debug/android-build/AndroidManifest.xml:35:24-62
82                android:value="/data/local/tmp/qt/" />
82-->build-testnfc-Android_for_armeabi_v7a_arm64_v8a_x86_x86_64_Clang_Qt_5_15_0_for_Android-Debug/android-build/AndroidManifest.xml:35:63-98
83            <meta-data
83-->build-testnfc-Android_for_armeabi_v7a_arm64_v8a_x86_x86_64_Clang_Qt_5_15_0_for_Android-Debug/android-build/AndroidManifest.xml:36:13-122
84                android:name="android.app.load_local_libs_resource_id"
84-->build-testnfc-Android_for_armeabi_v7a_arm64_v8a_x86_x86_64_Clang_Qt_5_15_0_for_Android-Debug/android-build/AndroidManifest.xml:36:24-78
85                android:resource="@array/load_local_libs" />
85-->build-testnfc-Android_for_armeabi_v7a_arm64_v8a_x86_x86_64_Clang_Qt_5_15_0_for_Android-Debug/android-build/AndroidManifest.xml:36:79-120
86            <meta-data
86-->build-testnfc-Android_for_armeabi_v7a_arm64_v8a_x86_x86_64_Clang_Qt_5_15_0_for_Android-Debug/android-build/AndroidManifest.xml:37:13-140
87                android:name="android.app.load_local_jars"
87-->build-testnfc-Android_for_armeabi_v7a_arm64_v8a_x86_x86_64_Clang_Qt_5_15_0_for_Android-Debug/android-build/AndroidManifest.xml:37:24-66
88                android:value="jar/QtAndroidExtras.jar:jar/QtAndroid.jar:jar/QtNfc.jar" />
88-->build-testnfc-Android_for_armeabi_v7a_arm64_v8a_x86_x86_64_Clang_Qt_5_15_0_for_Android-Debug/android-build/AndroidManifest.xml:37:67-138
89            <meta-data
89-->build-testnfc-Android_for_armeabi_v7a_arm64_v8a_x86_x86_64_Clang_Qt_5_15_0_for_Android-Debug/android-build/AndroidManifest.xml:38:13-124
90                android:name="android.app.static_init_classes"
90-->build-testnfc-Android_for_armeabi_v7a_arm64_v8a_x86_x86_64_Clang_Qt_5_15_0_for_Android-Debug/android-build/AndroidManifest.xml:38:24-70
91                android:value="org.qtproject.qt5.android.nfc.QtNfc" />
91-->build-testnfc-Android_for_armeabi_v7a_arm64_v8a_x86_x86_64_Clang_Qt_5_15_0_for_Android-Debug/android-build/AndroidManifest.xml:38:71-122
92            <!-- Used to specify custom system library path to run with local system libs -->
93            <!-- <meta-data android:name="android.app.system_libs_prefix" android:value="/system/lib/"/> -->
94            <!-- Messages maps -->
95            <meta-data
95-->build-testnfc-Android_for_armeabi_v7a_arm64_v8a_x86_x86_64_Clang_Qt_5_15_0_for_Android-Debug/android-build/AndroidManifest.xml:42:13-122
96                android:name="android.app.ministro_not_found_msg"
96-->build-testnfc-Android_for_armeabi_v7a_arm64_v8a_x86_x86_64_Clang_Qt_5_15_0_for_Android-Debug/android-build/AndroidManifest.xml:42:71-120
97                android:value="@string/ministro_not_found_msg" />
97-->build-testnfc-Android_for_armeabi_v7a_arm64_v8a_x86_x86_64_Clang_Qt_5_15_0_for_Android-Debug/android-build/AndroidManifest.xml:42:24-70
98            <meta-data
98-->build-testnfc-Android_for_armeabi_v7a_arm64_v8a_x86_x86_64_Clang_Qt_5_15_0_for_Android-Debug/android-build/AndroidManifest.xml:43:13-116
99                android:name="android.app.ministro_needed_msg"
99-->build-testnfc-Android_for_armeabi_v7a_arm64_v8a_x86_x86_64_Clang_Qt_5_15_0_for_Android-Debug/android-build/AndroidManifest.xml:43:68-114
100                android:value="@string/ministro_needed_msg" />
100-->build-testnfc-Android_for_armeabi_v7a_arm64_v8a_x86_x86_64_Clang_Qt_5_15_0_for_Android-Debug/android-build/AndroidManifest.xml:43:24-67
101            <meta-data
101-->build-testnfc-Android_for_armeabi_v7a_arm64_v8a_x86_x86_64_Clang_Qt_5_15_0_for_Android-Debug/android-build/AndroidManifest.xml:44:13-108
102                android:name="android.app.fatal_error_msg"
102-->build-testnfc-Android_for_armeabi_v7a_arm64_v8a_x86_x86_64_Clang_Qt_5_15_0_for_Android-Debug/android-build/AndroidManifest.xml:44:64-106
103                android:value="@string/fatal_error_msg" />
103-->build-testnfc-Android_for_armeabi_v7a_arm64_v8a_x86_x86_64_Clang_Qt_5_15_0_for_Android-Debug/android-build/AndroidManifest.xml:44:24-63
104            <meta-data
104-->build-testnfc-Android_for_armeabi_v7a_arm64_v8a_x86_x86_64_Clang_Qt_5_15_0_for_Android-Debug/android-build/AndroidManifest.xml:45:13-132
105                android:name="android.app.unsupported_android_version"
105-->build-testnfc-Android_for_armeabi_v7a_arm64_v8a_x86_x86_64_Clang_Qt_5_15_0_for_Android-Debug/android-build/AndroidManifest.xml:45:76-130
106                android:value="@string/unsupported_android_version" />
106-->build-testnfc-Android_for_armeabi_v7a_arm64_v8a_x86_x86_64_Clang_Qt_5_15_0_for_Android-Debug/android-build/AndroidManifest.xml:45:24-75
107            <!-- Messages maps -->
108
109
110            <!-- Splash screen -->
111            <!--
112                 Orientation-specific (portrait/landscape) data is checked first. If not available for current orientation,
113                 then android.app.splash_screen_drawable. For best results, use together with splash_screen_sticky and
114                 use hideSplashScreen() with a fade-out animation from Qt Android Extras to hide the splash screen when you
115                 are done populating your window with content.
116            -->
117            <!-- meta-data android:name="android.app.splash_screen_drawable_portrait" android:resource="@drawable/logo_portrait" / -->
118            <!-- meta-data android:name="android.app.splash_screen_drawable_landscape" android:resource="@drawable/logo_landscape" / -->
119            <!-- meta-data android:name="android.app.splash_screen_drawable" android:resource="@drawable/logo"/ -->
120            <!-- meta-data android:name="android.app.splash_screen_sticky" android:value="true"/ -->
121            <!-- Splash screen -->
122
123
124            <!-- Background running -->
125            <!--
126                 Warning: changing this value to true may cause unexpected crashes if the
127                          application still try to draw after
128                          "applicationStateChanged(Qt::ApplicationSuspended)"
129                          signal is sent!
130            -->
131            <meta-data
131-->build-testnfc-Android_for_armeabi_v7a_arm64_v8a_x86_x86_64_Clang_Qt_5_15_0_for_Android-Debug/android-build/AndroidManifest.xml:64:13-93
132                android:name="android.app.background_running"
132-->build-testnfc-Android_for_armeabi_v7a_arm64_v8a_x86_x86_64_Clang_Qt_5_15_0_for_Android-Debug/android-build/AndroidManifest.xml:64:24-69
133                android:value="false" />
133-->build-testnfc-Android_for_armeabi_v7a_arm64_v8a_x86_x86_64_Clang_Qt_5_15_0_for_Android-Debug/android-build/AndroidManifest.xml:64:70-91
134            <!-- Background running -->
135
136
137            <!-- auto screen scale factor -->
138            <meta-data
138-->build-testnfc-Android_for_armeabi_v7a_arm64_v8a_x86_x86_64_Clang_Qt_5_15_0_for_Android-Debug/android-build/AndroidManifest.xml:68:13-99
139                android:name="android.app.auto_screen_scale_factor"
139-->build-testnfc-Android_for_armeabi_v7a_arm64_v8a_x86_x86_64_Clang_Qt_5_15_0_for_Android-Debug/android-build/AndroidManifest.xml:68:24-75
140                android:value="false" />
140-->build-testnfc-Android_for_armeabi_v7a_arm64_v8a_x86_x86_64_Clang_Qt_5_15_0_for_Android-Debug/android-build/AndroidManifest.xml:68:76-97
141            <!-- auto screen scale factor -->
142
143
144            <!-- extract android style -->
145            <!--
146                 available android:values :
147                * default - In most cases this will be the same as "full", but it can also be something else if needed, e.g., for compatibility reasons
148                * full - useful QWidget & Quick Controls 1 apps
149                * minimal - useful for Quick Controls 2 apps, it is much faster than "full"
150                * none - useful for apps that don't use any of the above Qt modules
151            -->
152            <meta-data
152-->build-testnfc-Android_for_armeabi_v7a_arm64_v8a_x86_x86_64_Clang_Qt_5_15_0_for_Android-Debug/android-build/AndroidManifest.xml:78:13-95
153                android:name="android.app.extract_android_style"
153-->build-testnfc-Android_for_armeabi_v7a_arm64_v8a_x86_x86_64_Clang_Qt_5_15_0_for_Android-Debug/android-build/AndroidManifest.xml:78:24-72
154                android:value="full" />
154-->build-testnfc-Android_for_armeabi_v7a_arm64_v8a_x86_x86_64_Clang_Qt_5_15_0_for_Android-Debug/android-build/AndroidManifest.xml:78:73-93
155            <!-- extract android style -->
156        </activity>
157
158        <!-- For adding service(s) please check: https://wiki.qt.io/AndroidServices -->
159
160    </application>
161
162</manifest>